build/app/intermediates/manifest_merge_blame_file/debug/manifest-merger-blame-debug-report.txt
1<?xml version="1.0" encoding="utf-8"?>
2<manifest xmlns:android="http://schemas.android.com/apk/res/android"
3    package="co.abhash.flash_chat"
4    android:versionCode="1"
5    android:versionName="1.0.0" >
6
7    <uses-sdk
8        android:minSdkVersion="16"
9        android:targetSdkVersion="29" />
10    <!--
11         Flutter needs it to communicate with the running application
12         to allow setting breakpoints, to provide hot reload, etc.
13    -->
14    <uses-permission android:name="android.permission.INTERNET" />
14-->src\debug\AndroidManifest.xml:6:5-66
14-->src\debug\AndroidManifest.xml:6:22-64
15
16    <meta-data
16-->src\main\AndroidManifest.xml:32:5-34:29
17        android:name="flutterEmbedding"
17-->src\main\AndroidManifest.xml:33:9-40
18        android:value="2" />
18-->src\main\AndroidManifest.xml:34:9-26
19
20    <uses-permission android:name="android.permission.ACCESS_NETWORK_STATE" />
20-->[com.google.firebase:firebase-auth:20.0.1] AndroidManifest.xml:24:5-79
20-->[com.google.firebase:firebase-auth:20.0.1] AndroidManifest.xml:24:22-76
21    <uses-permission android:name="android.permission.WAKE_LOCK" />
21-->[com.google.android.gms:play-services-measurement-api:18.0.0] AndroidManifest.xml:24:5-68
21-->[com.google.android.gms:play-services-measurement-api:18.0.0] AndroidManifest.xml:24:22-65
22    <uses-permission android:name="com.google.android.finsky.permission.BIND_GET_INSTALL_REFERRER_SERVICE" />
22-->[com.google.android.gms:play-services-measurement:18.0.0] AndroidManifest.xml:26:5-110
22-->[com.google.android.gms:play-services-measurement:18.0.0] AndroidManifest.xml:26:22-107
23    <!--
24 io.flutter.app.FlutterApplication is an android.app.Application that
25         calls FlutterMain.startInitialization(this); in its onCreate method.
26         In most cases you can leave this as-is, but you if you want to provide
27         additional functionality it is fine to subclass or reimplement
28         FlutterApplication and put your custom class here.
29    -->
30    <application
30-->src\main\AndroidManifest.xml:9:5-31:19
31        android:name="androidx.multidex.MultiDexApplication"
32        android:appComponentFactory="androidx.core.app.CoreComponentFactory"
32-->[androidx.core:core:1.1.0] AndroidManifest.xml:24:18-86
33        android:debuggable="true"
34        android:icon="@mipmap/ic_launcher"
34-->src\main\AndroidManifest.xml:11:9-43
35        android:label="flash_chat" >
35-->src\main\AndroidManifest.xml:10:9-35
36        <activity
36-->src\main\AndroidManifest.xml:12:9-30:20
37            android:name="co.appbrewery.flash_chat.MainActivity"
37-->src\main\AndroidManifest.xml:13:13-41
38            android:configChanges="orientation|keyboardHidden|keyboard|screenSize|locale|layoutDirection|fontScale|screenLayout|density|uiMode"
38-->src\main\AndroidManifest.xml:16:13-144
39            android:hardwareAccelerated="true"
39-->src\main\AndroidManifest.xml:17:13-47
40            android:launchMode="singleTop"
40-->src\main\AndroidManifest.xml:14:13-43
41            android:theme="@style/LaunchTheme"
41-->src\main\AndroidManifest.xml:15:13-47
42            android:windowSoftInputMode="adjustResize" >
42-->src\main\AndroidManifest.xml:18:13-55
43
44            <!--
45                 This keeps the window background of the activity showing
46                 until Flutter renders its first frame. It can be removed if
47                 there is no splash screen (such as the default splash screen
48                 defined in @style/LaunchTheme).
49            -->
50            <meta-data
50-->src\main\AndroidManifest.xml:23:13-25:40
51                android:name="io.flutter.app.android.SplashScreenUntilFirstFrame"
51-->src\main\AndroidManifest.xml:24:17-82
52                android:value="true" />
52-->src\main\AndroidManifest.xml:25:17-37
53
54            <intent-filter>
54-->src\main\AndroidManifest.xml:26:13-29:29
55                <action android:name="android.intent.action.MAIN" />
55-->src\main\AndroidManifest.xml:27:17-68
55-->src\main\AndroidManifest.xml:27:25-66
56
57                <category android:name="android.intent.category.LAUNCHER" />
57-->src\main\AndroidManifest.xml:28:17-76
57-->src\main\AndroidManifest.xml:28:27-74
58            </intent-filter>
59        </activity>
60
61        <service
61-->[:firebase_auth] AndroidManifest.xml:8:9-12:19
62            android:name="com.google.firebase.components.ComponentDiscoveryService"
62-->[:firebase_auth] AndroidManifest.xml:8:18-89
63            android:directBootAware="true"
63-->[com.google.firebase:firebase-common:19.4.0] AndroidManifest.xml:35:13-43
64            android:exported="false" >
64-->[com.google.firebase:firebase-auth:20.0.1] AndroidManifest.xml:76:13-37
65            <meta-data
65-->[:firebase_auth] AndroidManifest.xml:9:13-11:85
66                android:name="com.google.firebase.components:io.flutter.plugins.firebase.auth.FlutterFirebaseAuthRegistrar"
66-->[:firebase_auth] AndroidManifest.xml:10:17-124
67                android:value="com.google.firebase.components.ComponentRegistrar" />
67-->[:firebase_auth] AndroidManifest.xml:11:17-82
68            <meta-data
68-->[:cloud_firestore] AndroidManifest.xml:9:13-11:85
69                android:name="com.google.firebase.components:io.flutter.plugins.firebase.firestore.FlutterFirebaseFirestoreRegistrar"
69-->[:cloud_firestore] AndroidManifest.xml:10:17-134
70                android:value="com.google.firebase.components.ComponentRegistrar" />
70-->[:cloud_firestore] AndroidManifest.xml:11:17-82
71            <meta-data
71-->[:firebase_core] AndroidManifest.xml:9:13-11:85
72                android:name="com.google.firebase.components:io.flutter.plugins.firebase.core.FlutterFirebaseCoreRegistrar"
72-->[:firebase_core] AndroidManifest.xml:10:17-124
73                android:value="com.google.firebase.components.ComponentRegistrar" />
73-->[:firebase_core] AndroidManifest.xml:11:17-82
74            <meta-data
74-->[com.google.firebase:firebase-auth:20.0.1] AndroidManifest.xml:77:13-79:85
75                android:name="com.google.firebase.components:com.google.firebase.auth.FirebaseAuthRegistrar"
75-->[com.google.firebase:firebase-auth:20.0.1] AndroidManifest.xml:78:17-109
76                android:value="com.google.firebase.components.ComponentRegistrar" />
76-->[com.google.firebase:firebase-auth:20.0.1] AndroidManifest.xml:79:17-82
77            <meta-data
77-->[com.google.firebase:firebase-firestore:22.0.0] AndroidManifest.xml:20:13-22:85
78                android:name="com.google.firebase.components:com.google.firebase.firestore.FirestoreRegistrar"
78-->[com.google.firebase:firebase-firestore:22.0.0] AndroidManifest.xml:21:17-111
79                android:value="com.google.firebase.components.ComponentRegistrar" />
79-->[com.google.firebase:firebase-firestore:22.0.0] AndroidManifest.xml:22:17-82
80            <meta-data
80-->[com.google.android.gms:play-services-measurement-api:18.0.0] AndroidManifest.xml:30:13-32:85
81                android:name="com.google.firebase.components:com.google.firebase.analytics.connector.internal.AnalyticsConnectorRegistrar"
81-->[com.google.android.gms:play-services-measurement-api:18.0.0] AndroidManifest.xml:31:17-139
82                android:value="com.google.firebase.components.ComponentRegistrar" />
82-->[com.google.android.gms:play-services-measurement-api:18.0.0] AndroidManifest.xml:32:17-82
83            <meta-data
83-->[com.google.firebase:firebase-installations:16.3.4] AndroidManifest.xml:18:13-20:85
84                android:name="com.google.firebase.components:com.google.firebase.installations.FirebaseInstallationsRegistrar"
84-->[com.google.firebase:firebase-installations:16.3.4] AndroidManifest.xml:19:17-127
85                android:value="com.google.firebase.components.ComponentRegistrar" />
85-->[com.google.firebase:firebase-installations:16.3.4] AndroidManifest.xml:20:17-82
86        </service>
87
88        <activity
88-->[com.google.firebase:firebase-auth:20.0.1] AndroidManifest.xml:27:9-44:20
89            android:name="com.google.firebase.auth.internal.GenericIdpActivity"
89-->[com.google.firebase:firebase-auth:20.0.1] AndroidManifest.xml:28:13-80
90            android:excludeFromRecents="true"
90-->[com.google.firebase:firebase-auth:20.0.1] AndroidManifest.xml:29:13-46
91            android:exported="true"
91-->[com.google.firebase:firebase-auth:20.0.1] AndroidManifest.xml:30:13-36
92            android:launchMode="singleTask"
92-->[com.google.firebase:firebase-auth:20.0.1] AndroidManifest.xml:31:13-44
93            android:theme="@android:style/Theme.Translucent.NoTitleBar" >
93-->[com.google.firebase:firebase-auth:20.0.1] AndroidManifest.xml:32:13-72
94            <intent-filter>
94-->[com.google.firebase:firebase-auth:20.0.1] AndroidManifest.xml:33:13-43:29
95                <action android:name="android.intent.action.VIEW" />
95-->[com.google.firebase:firebase-auth:20.0.1] AndroidManifest.xml:34:17-69
95-->[com.google.firebase:firebase-auth:20.0.1] AndroidManifest.xml:34:25-66
96
97                <category android:name="android.intent.category.DEFAULT" />
97-->[com.google.firebase:firebase-auth:20.0.1] AndroidManifest.xml:36:17-76
97-->[com.google.firebase:firebase-auth:20.0.1] AndroidManifest.xml:36:27-73
98                <category android:name="android.intent.category.BROWSABLE" />
98-->[com.google.firebase:firebase-auth:20.0.1] AndroidManifest.xml:37:17-78
98-->[com.google.firebase:firebase-auth:20.0.1] AndroidManifest.xml:37:27-75
99
100                <data
100-->[com.google.firebase:firebase-auth:20.0.1] AndroidManifest.xml:39:17-42:51
101                    android:host="firebase.auth"
101-->[com.google.firebase:firebase-auth:20.0.1] AndroidManifest.xml:40:21-49
102                    android:path="/"
102-->[com.google.firebase:firebase-auth:20.0.1] AndroidManifest.xml:41:21-37
103                    android:scheme="genericidp" />
103-->[com.google.firebase:firebase-auth:20.0.1] AndroidManifest.xml:42:21-48
104            </intent-filter>
105        </activity>
106        <activity
106-->[com.google.firebase:firebase-auth:20.0.1] AndroidManifest.xml:45:9-62:20
107            android:name="com.google.firebase.auth.internal.RecaptchaActivity"
107-->[com.google.firebase:firebase-auth:20.0.1] AndroidManifest.xml:46:13-79
108            android:excludeFromRecents="true"
108-->[com.google.firebase:firebase-auth:20.0.1] AndroidManifest.xml:47:13-46
109            android:exported="true"
109-->[com.google.firebase:firebase-auth:20.0.1] AndroidManifest.xml:48:13-36
110            android:launchMode="singleTask"
110-->[com.google.firebase:firebase-auth:20.0.1] AndroidManifest.xml:49:13-44
111            android:theme="@android:style/Theme.Translucent.NoTitleBar" >
111-->[com.google.firebase:firebase-auth:20.0.1] AndroidManifest.xml:50:13-72
112            <intent-filter>
112-->[com.google.firebase:firebase-auth:20.0.1] AndroidManifest.xml:51:13-61:29
113                <action android:name="android.intent.action.VIEW" />
113-->[com.google.firebase:firebase-auth:20.0.1] AndroidManifest.xml:34:17-69
113-->[com.google.firebase:firebase-auth:20.0.1] AndroidManifest.xml:34:25-66
114
115                <category android:name="android.intent.category.DEFAULT" />
115-->[com.google.firebase:firebase-auth:20.0.1] AndroidManifest.xml:36:17-76
115-->[com.google.firebase:firebase-auth:20.0.1] AndroidManifest.xml:36:27-73
116                <category android:name="android.intent.category.BROWSABLE" />
116-->[com.google.firebase:firebase-auth:20.0.1] AndroidManifest.xml:37:17-78
116-->[com.google.firebase:firebase-auth:20.0.1] AndroidManifest.xml:37:27-75
117
118                <data
118-->[com.google.firebase:firebase-auth:20.0.1] AndroidManifest.xml:39:17-42:51
119                    android:host="firebase.auth"
119-->[com.google.firebase:firebase-auth:20.0.1] AndroidManifest.xml:40:21-49
120                    android:path="/"
120-->[com.google.firebase:firebase-auth:20.0.1] AndroidManifest.xml:41:21-37
121                    android:scheme="recaptcha" />
121-->[com.google.firebase:firebase-auth:20.0.1] AndroidManifest.xml:42:21-48
122            </intent-filter>
123        </activity>
124
125        <service
125-->[com.google.firebase:firebase-auth:20.0.1] AndroidManifest.xml:64:9-73:19
126            android:name="com.google.firebase.auth.api.fallback.service.FirebaseAuthFallbackService"
126-->[com.google.firebase:firebase-auth:20.0.1] AndroidManifest.xml:65:13-101
127            android:enabled="true"
127-->[com.google.firebase:firebase-auth:20.0.1] AndroidManifest.xml:66:13-35
128            android:exported="false" >
128-->[com.google.firebase:firebase-auth:20.0.1] AndroidManifest.xml:67:13-37
129            <intent-filter>
129-->[com.google.firebase:firebase-auth:20.0.1] AndroidManifest.xml:68:13-72:29
130                <action android:name="com.google.firebase.auth.api.gms.service.START" />
130-->[com.google.firebase:firebase-auth:20.0.1] AndroidManifest.xml:69:17-89
130-->[com.google.firebase:firebase-auth:20.0.1] AndroidManifest.xml:69:25-86
131
132                <category android:name="android.intent.category.DEFAULT" />
132-->[com.google.firebase:firebase-auth:20.0.1] AndroidManifest.xml:36:17-76
132-->[com.google.firebase:firebase-auth:20.0.1] AndroidManifest.xml:36:27-73
133            </intent-filter>
134        </service>
135
136        <activity
136-->[com.google.android.gms:play-services-base:17.1.0] AndroidManifest.xml:23:9-26:75
137            android:name="com.google.android.gms.common.api.GoogleApiActivity"
137-->[com.google.android.gms:play-services-base:17.1.0] AndroidManifest.xml:24:13-79
138            android:exported="false"
138-->[com.google.android.gms:play-services-base:17.1.0] AndroidManifest.xml:25:13-37
139            android:theme="@android:style/Theme.Translucent.NoTitleBar" />
139-->[com.google.android.gms:play-services-base:17.1.0] AndroidManifest.xml:26:13-72
140
141        <provider
141-->[com.google.firebase:firebase-common:19.4.0] AndroidManifest.xml:26:9-31:39
142            android:name="com.google.firebase.provider.FirebaseInitProvider"
142-->[com.google.firebase:firebase-common:19.4.0] AndroidManifest.xml:27:13-77
143            android:authorities="co.abhash.flash_chat.firebaseinitprovider"
143-->[com.google.firebase:firebase-common:19.4.0] AndroidManifest.xml:28:13-72
144            android:directBootAware="true"
144-->[com.google.firebase:firebase-common:19.4.0] AndroidManifest.xml:29:13-43
145            android:exported="false"
145-->[com.google.firebase:firebase-common:19.4.0] AndroidManifest.xml:30:13-37
146            android:initOrder="100" />
146-->[com.google.firebase:firebase-common:19.4.0] AndroidManifest.xml:31:13-36
147
148        <receiver
148-->[com.google.android.gms:play-services-measurement:18.0.0] AndroidManifest.xml:29:9-33:20
149            android:name="com.google.android.gms.measurement.AppMeasurementReceiver"
149-->[com.google.android.gms:play-services-measurement:18.0.0] AndroidManifest.xml:30:13-85
150            android:enabled="true"
150-->[com.google.android.gms:play-services-measurement:18.0.0] AndroidManifest.xml:31:13-35
151            android:exported="false" >
151-->[com.google.android.gms:play-services-measurement:18.0.0] AndroidManifest.xml:32:13-37
152        </receiver>
153
154        <service
154-->[com.google.android.gms:play-services-measurement:18.0.0] AndroidManifest.xml:35:9-38:40
155            android:name="com.google.android.gms.measurement.AppMeasurementService"
155-->[com.google.android.gms:play-services-measurement:18.0.0] AndroidManifest.xml:36:13-84
156            android:enabled="true"
156-->[com.google.android.gms:play-services-measurement:18.0.0] AndroidManifest.xml:37:13-35
157            android:exported="false" />
157-->[com.google.android.gms:play-services-measurement:18.0.0] AndroidManifest.xml:38:13-37
158        <service
158-->[com.google.android.gms:play-services-measurement:18.0.0] AndroidManifest.xml:39:9-43:72
159            android:name="com.google.android.gms.measurement.AppMeasurementJobService"
159-->[com.google.android.gms:play-services-measurement:18.0.0] AndroidManifest.xml:40:13-87
160            android:enabled="true"
160-->[com.google.android.gms:play-services-measurement:18.0.0] AndroidManifest.xml:41:13-35
161            android:exported="false"
161-->[com.google.android.gms:play-services-measurement:18.0.0] AndroidManifest.xml:42:13-37
162            android:permission="android.permission.BIND_JOB_SERVICE" />
162-->[com.google.android.gms:play-services-measurement:18.0.0] AndroidManifest.xml:43:13-69
163
164        <meta-data
164-->[com.google.android.gms:play-services-basement:17.1.0] AndroidManifest.xml:23:9-25:69
165            android:name="com.google.android.gms.version"
165-->[com.google.android.gms:play-services-basement:17.1.0] AndroidManifest.xml:24:13-58
166            android:value="@integer/google_play_services_version" />
166-->[com.google.android.gms:play-services-basement:17.1.0] AndroidManifest.xml:25:13-66
167    </application>
168
169</manifest>